Build started 10/19/2015 3:08:33 AM.
     1>Project "C:\Users\Adel\Documents\Visual Studio 2010\Projects\cuda_montecarlo\cuda_montecarlo\cuda_montecarlo.vcxproj" on node 2 (build target(s)).
     1>InitializeBuildStatus:
         Creating "Debug\cuda_montecarlo.unsuccessfulbuild" because "AlwaysCreate" was specified.
       AddCudaCompileDeps:
         C:\Program Files (x86)\Microsoft Visual Studio 10.0\VC\bin\cl.exe /E /nologo /showIncludes /TP /D__CUDACC__ /DWIN32 /D_DEBUG /D_CONSOLE /D_MBCS /I"C:\Program Files\NVIDIA GPU Computing Toolkit\CUDA\v7.0\include" /I"C:\Program Files\NVIDIA GPU Computing Toolkit\CUDA\v7.0\bin" /I"C:\Program Files\NVIDIA GPU Computing Toolkit\CUDA\v7.0\include" /I. /FIcuda_runtime.h /c "C:\Users\Adel\Documents\Visual Studio 2010\Projects\cuda_montecarlo\cuda_montecarlo\kernel.cu" 
       AddCudaCompilePropsDeps:
       Skipping target "AddCudaCompilePropsDeps" because all output files are up-to-date with respect to the input files.
       CudaBuild:
         Compiling CUDA source file kernel.cu...
         cmd.exe /C "C:\Users\Adel\AppData\Local\Temp\tmp8dd529556f154278b457fa38d3062f96.cmd"
         "C:\Program Files\NVIDIA GPU Computing Toolkit\CUDA\v7.0\bin\nvcc.exe" -gencode=arch=compute_20,code=\"sm_20,compute_20\" --use-local-env --cl-version 2010 -ccbin "C:\Program Files (x86)\Microsoft Visual Studio 10.0\VC\bin"  -I"C:\Program Files\NVIDIA GPU Computing Toolkit\CUDA\v7.0\include" -I"C:\Program Files\NVIDIA GPU Computing Toolkit\CUDA\v7.0\include"  -G   --keep-dir Debug -maxrregcount=0  --machine 32 --compile -cudart static  -g   -DWIN32 -D_DEBUG -D_CONSOLE -D_MBCS -Xcompiler "/EHsc /W3 /nologo /Od /Zi /RTC1 /MDd  " -o Debug\kernel.cu.obj "C:\Users\Adel\Documents\Visual Studio 2010\Projects\cuda_montecarlo\cuda_montecarlo\kernel.cu"
         
         C:\Users\Adel\Documents\Visual Studio 2010\Projects\cuda_montecarlo\cuda_montecarlo>"C:\Program Files\NVIDIA GPU Computing Toolkit\CUDA\v7.0\bin\nvcc.exe" -gencode=arch=compute_20,code=\"sm_20,compute_20\" --use-local-env --cl-version 2010 -ccbin "C:\Program Files (x86)\Microsoft Visual Studio 10.0\VC\bin"  -I"C:\Program Files\NVIDIA GPU Computing Toolkit\CUDA\v7.0\include" -I"C:\Program Files\NVIDIA GPU Computing Toolkit\CUDA\v7.0\include"  -G   --keep-dir Debug -maxrregcount=0  --machine 32 --compile -cudart static  -g   -DWIN32 -D_DEBUG -D_CONSOLE -D_MBCS -Xcompiler "/EHsc /W3 /nologo /Od /Zi /RTC1 /MDd  " -o Debug\kernel.cu.obj "C:\Users\Adel\Documents\Visual Studio 2010\Projects\cuda_montecarlo\cuda_montecarlo\kernel.cu" 
     1>C:/Users/Adel/Documents/Visual Studio 2010/Projects/cuda_montecarlo/cuda_montecarlo/kernel.cu(108): warning : transfer of control bypasses initialization of:
                     variable "call"
         (167): here
                     variable "put"
         (171): here
         
     1>C:/Users/Adel/Documents/Visual Studio 2010/Projects/cuda_montecarlo/cuda_montecarlo/kernel.cu(114): warning : transfer of control bypasses initialization of:
                     variable "call"
         (167): here
                     variable "put"
         (171): here
         
     1>C:/Users/Adel/Documents/Visual Studio 2010/Projects/cuda_montecarlo/cuda_montecarlo/kernel.cu(120): warning : transfer of control bypasses initialization of:
                     variable "call"
         (167): here
                     variable "put"
         (171): here
         
     1>C:/Users/Adel/Documents/Visual Studio 2010/Projects/cuda_montecarlo/cuda_montecarlo/kernel.cu(126): warning : transfer of control bypasses initialization of:
                     variable "call"
         (167): here
                     variable "put"
         (171): here
         
     1>C:/Users/Adel/Documents/Visual Studio 2010/Projects/cuda_montecarlo/cuda_montecarlo/kernel.cu(132): warning : transfer of control bypasses initialization of:
                     variable "call"
         (167): here
                     variable "put"
         (171): here
         
     1>C:/Users/Adel/Documents/Visual Studio 2010/Projects/cuda_montecarlo/cuda_montecarlo/kernel.cu(145): warning : transfer of control bypasses initialization of:
                     variable "call"
         (167): here
                     variable "put"
         (171): here
         
     1>C:/Users/Adel/Documents/Visual Studio 2010/Projects/cuda_montecarlo/cuda_montecarlo/kernel.cu(151): warning : transfer of control bypasses initialization of:
                     variable "call"
         (167): here
                     variable "put"
         (171): here
         
     1>C:/Users/Adel/Documents/Visual Studio 2010/Projects/cuda_montecarlo/cuda_montecarlo/kernel.cu(157): warning : transfer of control bypasses initialization of:
                     variable "call"
         (167): here
                     variable "put"
         (171): here
         
     1>C:/Users/Adel/Documents/Visual Studio 2010/Projects/cuda_montecarlo/cuda_montecarlo/kernel.cu(163): warning : transfer of control bypasses initialization of:
                     variable "call"
         (167): here
                     variable "put"
         (171): here
         
     1>C:/Users/Adel/Documents/Visual Studio 2010/Projects/cuda_montecarlo/cuda_montecarlo/kernel.cu(108): warning : transfer of control bypasses initialization of:
                     variable "call"
         (167): here
                     variable "put"
         (171): here
         
     1>C:/Users/Adel/Documents/Visual Studio 2010/Projects/cuda_montecarlo/cuda_montecarlo/kernel.cu(114): warning : transfer of control bypasses initialization of:
                     variable "call"
         (167): here
                     variable "put"
         (171): here
         
     1>C:/Users/Adel/Documents/Visual Studio 2010/Projects/cuda_montecarlo/cuda_montecarlo/kernel.cu(120): warning : transfer of control bypasses initialization of:
                     variable "call"
         (167): here
                     variable "put"
         (171): here
         
     1>C:/Users/Adel/Documents/Visual Studio 2010/Projects/cuda_montecarlo/cuda_montecarlo/kernel.cu(126): warning : transfer of control bypasses initialization of:
                     variable "call"
         (167): here
                     variable "put"
         (171): here
         
     1>C:/Users/Adel/Documents/Visual Studio 2010/Projects/cuda_montecarlo/cuda_montecarlo/kernel.cu(132): warning : transfer of control bypasses initialization of:
                     variable "call"
         (167): here
                     variable "put"
         (171): here
         
     1>C:/Users/Adel/Documents/Visual Studio 2010/Projects/cuda_montecarlo/cuda_montecarlo/kernel.cu(145): warning : transfer of control bypasses initialization of:
                     variable "call"
         (167): here
                     variable "put"
         (171): here
         
     1>C:/Users/Adel/Documents/Visual Studio 2010/Projects/cuda_montecarlo/cuda_montecarlo/kernel.cu(151): warning : transfer of control bypasses initialization of:
                     variable "call"
         (167): here
                     variable "put"
         (171): here
         
     1>C:/Users/Adel/Documents/Visual Studio 2010/Projects/cuda_montecarlo/cuda_montecarlo/kernel.cu(157): warning : transfer of control bypasses initialization of:
                     variable "call"
         (167): here
                     variable "put"
         (171): here
         
     1>C:/Users/Adel/Documents/Visual Studio 2010/Projects/cuda_montecarlo/cuda_montecarlo/kernel.cu(163): warning : transfer of control bypasses initialization of:
                     variable "call"
         (167): here
                     variable "put"
         (171): here
         
         kernel.cu
     1>C:/Users/Adel/Documents/Visual Studio 2010/Projects/cuda_montecarlo/cuda_montecarlo/kernel.cu(135): warning C4244: 'argument' : conversion from 'time_t' to 'unsigned int', possible loss of data
       ManifestResourceCompile:
         All outputs are up-to-date.
       Link:
         C:\Program Files (x86)\Microsoft Visual Studio 10.0\VC\bin\link.exe /ERRORREPORT:PROMPT /OUT:"C:\Users\Adel\Documents\Visual Studio 2010\Projects\cuda_montecarlo\Debug\cuda_montecarlo.exe" /INCREMENTAL /NOLOGO /LIBPATH:"C:\Program Files\NVIDIA GPU Computing Toolkit\CUDA\v7.0\lib\Win32" cudart.lib kernel32.lib user32.lib gdi32.lib winspool.lib comdlg32.lib advapi32.lib shell32.lib ole32.lib oleaut32.lib uuid.lib odbc32.lib odbccp32.lib kernel32.lib user32.lib gdi32.lib winspool.lib comdlg32.lib advapi32.lib shell32.lib ole32.lib oleaut32.lib uuid.lib odbc32.lib odbccp32.lib /MANIFEST /ManifestFile:"Debug\cuda_montecarlo.exe.intermediate.manifest" /MANIFESTUAC:"level='asInvoker' uiAccess='false'" /DEBUG /PDB:"C:\Users\Adel\Documents\Visual Studio 2010\Projects\cuda_montecarlo\Debug\cuda_montecarlo.pdb" /SUBSYSTEM:CONSOLE /TLBID:1 /DYNAMICBASE /NXCOMPAT /IMPLIB:"C:\Users\Adel\Documents\Visual Studio 2010\Projects\cuda_montecarlo\Debug\cuda_montecarlo.lib" /MACHINE:X86 Debug\kernel.cu.obj
         Debug\cuda_montecarlo.exe.embed.manifest.res
       Manifest:
         C:\Program Files (x86)\Microsoft SDKs\Windows\v7.0A\bin\mt.exe /nologo /verbose /out:"Debug\cuda_montecarlo.exe.embed.manifest" /manifest Debug\cuda_montecarlo.exe.intermediate.manifest
         All outputs are up-to-date.
       LinkEmbedManifest:
         All outputs are up-to-date.
         cuda_montecarlo.vcxproj -> C:\Users\Adel\Documents\Visual Studio 2010\Projects\cuda_montecarlo\Debug\cuda_montecarlo.exe
       PostBuildEvent:
         echo copy "C:\Program Files\NVIDIA GPU Computing Toolkit\CUDA\v7.0\bin\cudart*.dll" "C:\Users\Adel\Documents\Visual Studio 2010\Projects\cuda_montecarlo\Debug\"
         copy "C:\Program Files\NVIDIA GPU Computing Toolkit\CUDA\v7.0\bin\cudart*.dll" "C:\Users\Adel\Documents\Visual Studio 2010\Projects\cuda_montecarlo\Debug\"
         :VCEnd
         copy "C:\Program Files\NVIDIA GPU Computing Toolkit\CUDA\v7.0\bin\cudart*.dll" "C:\Users\Adel\Documents\Visual Studio 2010\Projects\cuda_montecarlo\Debug\"
         C:\Program Files\NVIDIA GPU Computing Toolkit\CUDA\v7.0\bin\cudart32_70.dll
         C:\Program Files\NVIDIA GPU Computing Toolkit\CUDA\v7.0\bin\cudart64_70.dll
                 2 file(s) copied.
       FinalizeBuildStatus:
         Deleting file "Debug\cuda_montecarlo.unsuccessfulbuild".
         Touching "Debug\cuda_montecarlo.lastbuildstate".
     1>Done Building Project "C:\Users\Adel\Documents\Visual Studio 2010\Projects\cuda_montecarlo\cuda_montecarlo\cuda_montecarlo.vcxproj" (build target(s)).

Build succeeded.

Time Elapsed 00:00:14.57
